<?xml version="1.0" encoding="UTF-8"?>
<!-- Generated by org.testng.reporters.JUnitXMLReporter -->
<testsuite ignored="0" hostname="ThisPc" failures="0" tests="3" name="Default test" time="6.849" errors="0" timestamp="2025-02-02T12:21:07 IST">
  <testcase classname="AlertTutorial" name="HandlingAlert" time="1.176"/>
  <testcase classname="AlertTutorial" name="confirmorcancel" time="0.156"/>
  <testcase classname="AlertTutorial" name="promptalert" time="0.194"/>
</testsuite> <!-- Default test -->
