<?xml version="1.0" encoding="UTF-8"?>
<!-- Generated by org.testng.reporters.JUnitReportReporter -->
<testsuite hostname="ThisPc" failures="0" tests="3" name="AlertTutorial" time="2.135" errors="0" timestamp="2025-01-25T22:10:09 IST" skipped="0">
  <testcase classname="AlertTutorial" name="HandlingAlert" time="1.636"/>
  <system-out/>
  <testcase classname="AlertTutorial" name="confirmorcancel" time="0.250"/>
  <system-out/>
  <testcase classname="AlertTutorial" name="promptalert" time="0.249"/>
  <system-out/>
</testsuite> <!-- AlertTutorial -->
