<?xml version="1.0" encoding="UTF-8"?>
<!-- Generated by org.testng.reporters.JUnitReportReporter -->
<testsuite hostname="ThisPc" failures="0" tests="3" name="Test1" time="2.179" errors="0" timestamp="2025-01-25T22:09:13 IST" skipped="0">
  <testcase classname="Test1" name="HandlingAlert" time="1.604"/>
  <system-out/>
  <testcase classname="Test1" name="confirmorcancel" time="0.298"/>
  <system-out/>
  <testcase classname="Test1" name="promptalert" time="0.277"/>
  <system-out/>
</testsuite> <!-- Test1 -->
