<?xml version="1.0" encoding="UTF-8"?>
<!-- Generated by org.testng.reporters.JUnitReportReporter -->
<testsuite hostname="ThisPc" failures="0" tests="3" name="AlertTutorial" time="1.526" errors="0" timestamp="2025-02-02T12:21:07 IST" skipped="0">
  <testcase classname="AlertTutorial" name="HandlingAlert" time="1.176"/>
  <system-out/>
  <testcase classname="AlertTutorial" name="confirmorcancel" time="0.156"/>
  <system-out/>
  <testcase classname="AlertTutorial" name="promptalert" time="0.194"/>
  <system-out/>
</testsuite> <!-- AlertTutorial -->
