<?xml version="1.0" encoding="UTF-8"?>
<!-- Generated by org.testng.reporters.JUnitReportReporter -->
<testsuite hostname="ThisPc" failures="0" tests="3" name="Pageobjects.Parallelexecution" time="36.337" errors="0" timestamp="2024-09-01T14:00:44 IST" skipped="0">
  <testcase classname="Pageobjects.Parallelexecution" name="Facebook" time="10.683"/>
  <system-out/>
  <testcase classname="Pageobjects.Parallelexecution" name="Amazon" time="10.757"/>
  <system-out/>
  <testcase classname="Pageobjects.Parallelexecution" name="Flipkart" time="14.897"/>
  <system-out/>
</testsuite> <!-- Pageobjects.Parallelexecution -->
