<?xml version="1.0" encoding="UTF-8"?>
<!-- Generated by org.testng.reporters.JUnitReportReporter -->
<testsuite hostname="ThisPc" failures="0" tests="2" name="Pageobjects.Parameterization" time="0.026" errors="0" timestamp="2024-09-01T13:37:43 IST" skipped="0">
  <testcase classname="Pageobjects.Parameterization" name="LastName" time="0.003"/>
  <system-out/>
  <testcase classname="Pageobjects.Parameterization" name="FirstName" time="0.023"/>
  <system-out/>
</testsuite> <!-- Pageobjects.Parameterization -->
