<?xml version="1.0" encoding="UTF-8"?>
<!-- Generated by org.testng.reporters.JUnitReportReporter -->
<testsuite hostname="ThisPc" failures="0" tests="2" name="Pageobjects.Groupingpackage" time="0.026" errors="0" timestamp="2024-09-01T13:00:58 IST" skipped="0">
  <testcase classname="Pageobjects.Groupingpackage" name="Testcase3" time="0.004"/>
  <system-out/>
  <testcase classname="Pageobjects.Groupingpackage" name="Testcase1" time="0.022"/>
  <system-out/>
</testsuite> <!-- Pageobjects.Groupingpackage -->
