<?xml version="1.0" encoding="UTF-8"?>
<!-- Generated by org.testng.reporters.JUnitXMLReporter -->
<testsuite ignored="0" hostname="ThisPc" failures="0" tests="3" name="MyTest" time="14.969" errors="0" timestamp="2024-09-01T14:00:44 IST">
  <testcase classname="Pageobjects.Parallelexecution" name="Facebook" time="10.683"/>
  <testcase classname="Pageobjects.Parallelexecution" name="Amazon" time="10.757"/>
  <testcase classname="Pageobjects.Parallelexecution" name="Flipkart" time="14.897"/>
</testsuite> <!-- MyTest -->
