<?xml version="1.0" encoding="UTF-8"?>
<testng-results ignored="0" total="3" passed="3" failed="0" skipped="0">
  <reporter-output>
  </reporter-output>
  <suite started-at="2025-01-25T22:09:57 IST" name="Default suite" finished-at="2025-01-25T22:10:09 IST" duration-ms="11246">
    <groups>
    </groups>
    <test started-at="2025-01-25T22:09:57 IST" name="Default test" finished-at="2025-01-25T22:10:09 IST" duration-ms="11246">
      <class name="AlertTutorial">
        <test-method is-config="true" signature="browserlaunch()[pri:0, instance:AlertTutorial@3e58a80e]" started-at="2025-01-25T22:09:57 IST" name="browserlaunch" finished-at="2025-01-25T22:10:06 IST" duration-ms="8516" status="PASS">
          <reporter-output>
          </reporter-output>
        </test-method> <!-- browserlaunch -->
        <test-method signature="HandlingAlert()[pri:0, instance:AlertTutorial@3e58a80e]" started-at="2025-01-25T22:10:06 IST" name="HandlingAlert" finished-at="2025-01-25T22:10:08 IST" duration-ms="1636" status="PASS">
          <reporter-output>
          </reporter-output>
        </test-method> <!-- HandlingAlert -->
        <test-method signature="confirmorcancel()[pri:1, instance:AlertTutorial@3e58a80e]" started-at="2025-01-25T22:10:08 IST" name="confirmorcancel" finished-at="2025-01-25T22:10:08 IST" duration-ms="250" status="PASS">
          <reporter-output>
          </reporter-output>
        </test-method> <!-- confirmorcancel -->
        <test-method signature="promptalert()[pri:2, instance:AlertTutorial@3e58a80e]" started-at="2025-01-25T22:10:08 IST" name="promptalert" finished-at="2025-01-25T22:10:08 IST" duration-ms="249" status="PASS">
          <reporter-output>
          </reporter-output>
        </test-method> <!-- promptalert -->
        <test-method is-config="true" signature="browserclose()[pri:0, instance:AlertTutorial@3e58a80e]" started-at="2025-01-25T22:10:08 IST" name="browserclose" finished-at="2025-01-25T22:10:09 IST" duration-ms="465" status="PASS">
          <reporter-output>
          </reporter-output>
        </test-method> <!-- browserclose -->
      </class> <!-- AlertTutorial -->
    </test> <!-- Default test -->
  </suite> <!-- Default suite -->
</testng-results>
